Using pre-set license
Built from '2020.2/release' branch; Version is '2020.2.4f1 (becced5a802b) revision 12504301'; Using compiler version '192528614'; Build Type 'Release'
OS: 'Windows 10 Home; OS build 19045.5737; Version 2009; 64bit' Language: 'en' Physical Memory: 8070 MB
BatchMode: 1, IsHumanControllingUs: 0, StartBugReporterOnCrash: 0, Is64bit: 1, IsPro: 0

 COMMAND LINE ARGUMENTS:
C:\Program Files\Unity\Editor\Unity.exe
-adb2
-batchMode
-noUpm
-name
AssetImportWorker0
-projectPath
C:/Users/laiap/Introduction to Scripting
-logFile
Logs/AssetImportWorker0.log
-srvPort
58455
Successfully changed project path to: C:/Users/laiap/Introduction to Scripting
C:/Users/laiap/Introduction to Scripting
Using Asset Import Pipeline V2.
Refreshing native plugins compatible for Editor in 43.61 ms, found 0 plugins.
Preloading 0 native plugins for Editor in 0.00 ms.
Initialize engine version: 2020.2.4f1 (becced5a802b)
[Subsystems] Discovering subsystems at path C:/Program Files/Unity/Editor/Data/Resources/UnitySubsystems
[Subsystems] Discovering subsystems at path C:/Users/laiap/Introduction to Scripting/Assets
GfxDevice: creating device client; threaded=0
Direct3D:
    Version:  Direct3D 11.0 [level 11.1]
    Renderer: NVIDIA GeForce GTX 1050 (ID=0x1c8d)
    Vendor:   
    VRAM:     4019 MB
    Driver:   30.0.15.1278
Initialize mono
Mono path[0] = 'C:/Program Files/Unity/Editor/Data/Managed'
Mono path[1] = 'C:/Program Files/Unity/Editor/Data/MonoBleedingEdge/lib/mono/unityjit'
Mono config path = 'C:/Program Files/Unity/Editor/Data/MonoBleedingEdge/etc'
Using monoOptions --debugger-agent=transport=dt_socket,embedding=1,server=y,suspend=n,address=127.0.0.1:56836
Begin MonoManager ReloadAssembly
Registering precompiled unity dll's ...
Register platform support module: C:/Program Files/Unity/Editor/Data/PlaybackEngines/WindowsStandaloneSupport/UnityEditor.WindowsStandalone.Extensions.dll
Registered in 0.006939 seconds.
Native extension for WindowsStandalone target not found
Refreshing native plugins compatible for Editor in 132.93 ms, found 0 plugins.
Preloading 0 native plugins for Editor in 0.00 ms.
Invoked RoslynAnalysisRunner static constructor.
RoslynAnalysisRunner will not be running.
RoslynAnalysisRunner has terminated.
Mono: successfully reloaded assembly
- Completed reload, in  5.176 seconds
Platform modules already initialized, skipping
Registering precompiled user dll's ...
Registered in 0.002719 seconds.
Begin MonoManager ReloadAssembly
Native extension for WindowsStandalone target not found
Refreshing native plugins compatible for Editor in 0.80 ms, found 0 plugins.
Preloading 0 native plugins for Editor in 0.00 ms.
Invoked RoslynAnalysisRunner static constructor.
RoslynAnalysisRunner will not be running.
RoslynAnalysisRunner has terminated.
Mono: successfully reloaded assembly
- Completed reload, in  6.160 seconds
Platform modules already initialized, skipping
========================================================================
Worker process is ready to serve import requests
Launched and connected shader compiler UnityShaderCompiler.exe after 0.16 seconds
Refreshing native plugins compatible for Editor in 0.52 ms, found 0 plugins.
Preloading 0 native plugins for Editor in 0.00 ms.
Unloading 1090 Unused Serialized files (Serialized files now loaded: 0)
System memory in use before: 56.4 MB.
System memory in use after: 56.4 MB.

Unloading 9 unused Assets to reduce memory usage. Loaded Objects now: 1532.
Total: 6.238100 ms (FindLiveObjects: 0.468300 ms CreateObjectMapping: 0.102500 ms MarkObjects: 5.074600 ms  DeleteObjects: 0.575700 ms)

========================================================================
Received Import Request.
  path: Assets/RW/Scripts/Sheep.cs
  artifactKey: Guid(165651f1ffef5674fbfdf960a3392461) Importer(815301076,1909f56bfc062723c751e8b465ee728b)
Start importing Assets/RW/Scripts/Sheep.cs using Guid(165651f1ffef5674fbfdf960a3392461) Importer(815301076,1909f56bfc062723c751e8b465ee728b)  -> (artifact id: '91c992012e86c4ec41d39a84bbc87817') in 0.210139 seconds
  Import took 0.214499 seconds .

========================================================================
Received Import Request.
  Time since last request: 45.701862 seconds.
  path: Assets/RW/Scripts/Sheep.cs
  artifactKey: Guid(165651f1ffef5674fbfdf960a3392461) Importer(815301076,1909f56bfc062723c751e8b465ee728b)
Start importing Assets/RW/Scripts/Sheep.cs using Guid(165651f1ffef5674fbfdf960a3392461) Importer(815301076,1909f56bfc062723c751e8b465ee728b)  -> (artifact id: '057c02eeb4a042aaa6dc6d08e31421fc') in 0.004667 seconds
  Import took 0.007747 seconds .

========================================================================
Received Import Request.
  Time since last request: 0.001475 seconds.
  path: Assets/RW/Scripts/Sheep.cs
  artifactKey: Guid(165651f1ffef5674fbfdf960a3392461) Importer(815301076,1909f56bfc062723c751e8b465ee728b)
Start importing Assets/RW/Scripts/Sheep.cs using Guid(165651f1ffef5674fbfdf960a3392461) Importer(815301076,1909f56bfc062723c751e8b465ee728b)  -> (artifact id: '057c02eeb4a042aaa6dc6d08e31421fc') in 0.003892 seconds
  Import took 0.007676 seconds .

========================================================================
Received Prepare
Registering precompiled user dll's ...
Registered in 0.000898 seconds.
Begin MonoManager ReloadAssembly
Native extension for WindowsStandalone target not found
Refreshing native plugins compatible for Editor in 0.78 ms, found 0 plugins.
Preloading 0 native plugins for Editor in 0.00 ms.
Invoked RoslynAnalysisRunner static constructor.
RoslynAnalysisRunner will not be running.
RoslynAnalysisRunner has terminated.
Mono: successfully reloaded assembly
- Completed reload, in  1.266 seconds
Platform modules already initialized, skipping
Refreshing native plugins compatible for Editor in 0.40 ms, found 0 plugins.
Preloading 0 native plugins for Editor in 0.00 ms.
Unloading 1084 Unused Serialized files (Serialized files now loaded: 0)
System memory in use before: 56.2 MB.
System memory in use after: 56.3 MB.

Unloading 4 unused Assets to reduce memory usage. Loaded Objects now: 1534.
Total: 2.914000 ms (FindLiveObjects: 0.288600 ms CreateObjectMapping: 0.153700 ms MarkObjects: 2.400100 ms  DeleteObjects: 0.064100 ms)

========================================================================
Received Import Request.
  Time since last request: 82.514151 seconds.
  path: Assets/RW/Scripts/Sheep.cs
  artifactKey: Guid(165651f1ffef5674fbfdf960a3392461) Importer(815301076,1909f56bfc062723c751e8b465ee728b)
Start importing Assets/RW/Scripts/Sheep.cs using Guid(165651f1ffef5674fbfdf960a3392461) Importer(815301076,1909f56bfc062723c751e8b465ee728b)  -> (artifact id: '774577f26ab0b697ed42a261948c6910') in 0.006987 seconds
  Import took 0.010902 seconds .

========================================================================
Received Prepare
Registering precompiled user dll's ...
Registered in 0.000807 seconds.
Begin MonoManager ReloadAssembly
Native extension for WindowsStandalone target not found
Refreshing native plugins compatible for Editor in 0.22 ms, found 0 plugins.
Preloading 0 native plugins for Editor in 0.00 ms.
Invoked RoslynAnalysisRunner static constructor.
RoslynAnalysisRunner will not be running.
RoslynAnalysisRunner has terminated.
Mono: successfully reloaded assembly
- Completed reload, in  0.878 seconds
Platform modules already initialized, skipping
Refreshing native plugins compatible for Editor in 0.26 ms, found 0 plugins.
Preloading 0 native plugins for Editor in 0.00 ms.
Unloading 1084 Unused Serialized files (Serialized files now loaded: 0)
System memory in use before: 56.3 MB.
System memory in use after: 56.4 MB.

Unloading 4 unused Assets to reduce memory usage. Loaded Objects now: 1536.
Total: 5.533900 ms (FindLiveObjects: 0.413600 ms CreateObjectMapping: 0.139900 ms MarkObjects: 4.897100 ms  DeleteObjects: 0.078800 ms)

========================================================================
Received Import Request.
  Time since last request: 88.909757 seconds.
  path: Assets/RW/Prefabs/Sheep.prefab
  artifactKey: Guid(15310990dd898284fa66ab385e794bce) Importer(815301076,1909f56bfc062723c751e8b465ee728b)
Start importing Assets/RW/Prefabs/Sheep.prefab using Guid(15310990dd898284fa66ab385e794bce) Importer(815301076,1909f56bfc062723c751e8b465ee728b)  -> (artifact id: 'e48cebfa83f6ee3cf580e287263a5b8d') in 0.117874 seconds
  Import took 0.120856 seconds .

========================================================================
Received Import Request.
  Time since last request: 9.299042 seconds.
  path: Assets/RW/Prefabs/Sheep.prefab
  artifactKey: Guid(15310990dd898284fa66ab385e794bce) Importer(815301076,1909f56bfc062723c751e8b465ee728b)
Start importing Assets/RW/Prefabs/Sheep.prefab using Guid(15310990dd898284fa66ab385e794bce) Importer(815301076,1909f56bfc062723c751e8b465ee728b)  -> (artifact id: 'dbe69ae5d5cb556d7b9f9c35dc6df6c9') in 0.022025 seconds
  Import took 0.025057 seconds .

========================================================================
Received Prepare
Registering precompiled user dll's ...
Registered in 0.001397 seconds.
Begin MonoManager ReloadAssembly
Native extension for WindowsStandalone target not found
Refreshing native plugins compatible for Editor in 0.20 ms, found 0 plugins.
Preloading 0 native plugins for Editor in 0.00 ms.
Invoked RoslynAnalysisRunner static constructor.
RoslynAnalysisRunner will not be running.
RoslynAnalysisRunner has terminated.
Mono: successfully reloaded assembly
- Completed reload, in  0.923 seconds
Platform modules already initialized, skipping
Refreshing native plugins compatible for Editor in 0.25 ms, found 0 plugins.
Preloading 0 native plugins for Editor in 0.00 ms.
Unloading 1084 Unused Serialized files (Serialized files now loaded: 0)
System memory in use before: 59.4 MB.
System memory in use after: 59.5 MB.

Unloading 4 unused Assets to reduce memory usage. Loaded Objects now: 1545.
Total: 3.945200 ms (FindLiveObjects: 0.315800 ms CreateObjectMapping: 0.089300 ms MarkObjects: 3.498700 ms  DeleteObjects: 0.037300 ms)

========================================================================
Received Import Request.
  Time since last request: 185.130463 seconds.
  path: Assets/RW/Prefabs/Sheep.prefab
  artifactKey: Guid(15310990dd898284fa66ab385e794bce) Importer(815301076,1909f56bfc062723c751e8b465ee728b)
Start importing Assets/RW/Prefabs/Sheep.prefab using Guid(15310990dd898284fa66ab385e794bce) Importer(815301076,1909f56bfc062723c751e8b465ee728b)  -> (artifact id: '79d4861d227a4db6c899e827f4ac6823') in 0.089573 seconds
  Import took 0.094162 seconds .

AssetImportWorkerClient::OnTransportError - code=2 error=End of file
